cnumpy.core.multiarray
_reconstruct
p1
(cnumpy
ndarray
p2
(I0
tS'b'
tRp3
(I1
(L6L
L2L
L3L
tcnumpy
dtype
p4
(S'f8'
I0
I1
tRp5
(I3
S'<'
NNNI-1
I-1
I0
tbI00
S'\x00\x00\x00\x00\x00\x00\x00\x00\x00\x00\x00\x00\x00\x00\x00\x00\x00\x00\x00\x00\x00\x00\x00\x00\x00\x00\x00\x00\x00\x00\x00\x00\x00\x00\x00\x00\x00\x00\x00\x00\x00\x00\x00\x00\x00\x00\xf0?\x00\x00\x00\x00\x00\x00\x00\x00\x00\x00\x00\x00\x00\x00\x00\x00\xfa~j\xbct\x93\x88?\x00\x00\x00\x00\x00\x00\x00\x00\x00\x00\x00\x00\x00\x00\x00\x00\x00\x00\x00\x00\x00\x00\xf0?\x00\x00\x00\x00\x00\x00\x04@\x00\x00\x00\x00\x00\x00\x00\x00\xfa~j\xbct\x93x?\x00\x00\x00\x00\x00\x00\xf0\xbf\x00\x00\x00\x00\x00\x00\x00\x00\x00\x00\x00\x00\x00\x00\x00\x00\x00\x00\x00\x00\x00\x00\x04\xc0\x00\x00\x00\x00\x00\x00\x00\x00\xfa~j\xbct\x93x?\x00\x00\x00\x00\x00\x00\xf0?\x00\x00\x00\x00\x00\x00\x00\x00\x00\x00\x00\x00\x00\x00\x00\x00\x00\x00\x00\x00\x00\x00\x00\x00\x00\x00\x00\x00\x00\x00\x04@\xfa~j\xbct\x93x?\x00\x00\x00\x00\x00\x00\x00\x00\x00\x00\x00\x00\x00\x00\xf0\xbf\x00\x00\x00\x00\x00\x00\x00\x00\x00\x00\x00\x00\x00\x00\x00\x00\x00\x00\x00\x00\x00\x00\x04\xc0\xfa~j\xbct\x93x?\x00\x00\x00\x00\x00\x00\x00\x00\x00\x00\x00\x00\x00\x00\xf0?\x00\x00\x00\x00\x00\x00\x00\x00'
tb.